<?xml version="1.0" encoding="UTF-8"?>
<!-- Generated by org.testng.reporters.JUnitReportReporter -->
<testsuite hostname="IBM-31L8QM3" failures="0" tests="2" name="IbmRestAssured.RestAssuredProject.RestAPITesting" time="0.069" errors="0" timestamp="06 Apr 2023 08:07:18 GMT" skipped="1">
  <testcase classname="IbmRestAssured.RestAssuredProject.RestAPITesting" name="Jsonbody1" time="0.069"/>
  <testcase classname="IbmRestAssured.RestAssuredProject.RestAPITesting" name="firsttestcase">
    <skipped/>
  </testcase> <!-- firsttestcase -->
</testsuite> <!-- IbmRestAssured.RestAssuredProject.RestAPITesting -->
